2022-06-20 22:29:06.513  INFO 20024 --- [main] t.e.s.services.EmployeServiceImplTest    : Starting EmployeServiceImplTest on Naoures with PID 20024 (started by Asus in C:\Users\Asus\OneDrive\Desktop\Nouveau dossier\devops)
2022-06-20 22:29:06.525  INFO 20024 --- [main] t.e.s.services.EmployeServiceImplTest    : No active profile set, falling back to default profiles: default
2022-06-20 22:29:08.556  INFO 20024 --- [main] .s.d.r.c.RepositoryConfigurationDelegate : Bootstrapping Spring Data repositories in DEFAULT mode.
2022-06-20 22:29:08.800  INFO 20024 --- [main] .s.d.r.c.RepositoryConfigurationDelegate : Finished Spring Data repository scanning in 225ms. Found 6 repository interfaces.
2022-06-20 22:29:09.609  INFO 20024 --- [main] trationDelegate$BeanPostProcessorChecker : Bean 'org.springframework.transaction.annotation.ProxyTransactionManagementConfiguration' of type [org.springframework.transaction.annotation.ProxyTransactionManagementConfiguration$$EnhancerBySpringCGLIB$$77f0a62e] is not eligible for getting processed by all BeanPostProcessors (for example: not eligible for auto-proxying)
2022-06-20 22:29:10.047  INFO 20024 --- [main] com.zaxxer.hikari.HikariDataSource       : HikariPool-1 - Starting...
2022-06-20 22:29:10.384  INFO 20024 --- [main] com.zaxxer.hikari.HikariDataSource       : HikariPool-1 - Start completed.
2022-06-20 22:29:10.539  INFO 20024 --- [main] o.hibernate.jpa.internal.util.LogHelper  : HHH000204: Processing PersistenceUnitInfo [
	name: default
	...]
2022-06-20 22:29:10.721  INFO 20024 --- [main] org.hibernate.Version                    : HHH000412: Hibernate Core {5.3.9.Final}
2022-06-20 22:29:10.725  INFO 20024 --- [main] org.hibernate.cfg.Environment            : HHH000206: hibernate.properties not found
2022-06-20 22:29:11.083  INFO 20024 --- [main] o.hibernate.annotations.common.Version   : HCANN000001: Hibernate Commons Annotations {5.0.4.Final}
2022-06-20 22:29:12.006  INFO 20024 --- [main] org.hibernate.dialect.Dialect            : HHH000400: Using dialect: org.hibernate.dialect.MySQL5Dialect
2022-06-20 22:29:13.878  INFO 20024 --- [main] j.LocalContainerEntityManagerFactoryBean : Initialized JPA EntityManagerFactory for persistence unit 'default'
2022-06-20 22:29:14.541  INFO 20024 --- [main] o.h.h.i.QueryTranslatorFactoryInitiator  : HHH000397: Using ASTQueryTranslatorFactory
2022-06-20 22:29:18.924  INFO 20024 --- [main] o.s.s.concurrent.ThreadPoolTaskExecutor  : Initializing ExecutorService 'applicationTaskExecutor'
2022-06-20 22:29:19.559  WARN 20024 --- [main] aWebConfiguration$JpaWebMvcConfiguration : spring.jpa.open-in-view is enabled by default. Therefore, database queries may be performed during view rendering. Explicitly configure spring.jpa.open-in-view to disable this warning
2022-06-20 22:29:23.060  INFO 20024 --- [main] t.e.s.services.EmployeServiceImplTest    : Started EmployeServiceImplTest in 17.388 seconds (JVM running for 19.397)
2022-06-20 22:29:23.873  INFO 20024 --- [main] .b.t.c.SpringBootTestContextBootstrapper : Neither @ContextConfiguration nor @ContextHierarchy found for test class [tn.esprit.spring.services.EntrepriseServiceImplTest], using SpringBootContextLoader
2022-06-20 22:29:23.875  INFO 20024 --- [main] o.s.t.c.support.AbstractContextLoader    : Could not detect default resource locations for test class [tn.esprit.spring.services.EntrepriseServiceImplTest]: no resource found for suffixes {-context.xml, Context.groovy}.
2022-06-20 22:29:23.877  INFO 20024 --- [main] t.c.s.AnnotationConfigContextLoaderUtils : Could not detect default configuration classes for test class [tn.esprit.spring.services.EntrepriseServiceImplTest]: EntrepriseServiceImplTest does not declare any static, non-private, non-final, nested classes annotated with @Configuration.
2022-06-20 22:29:23.913  INFO 20024 --- [main] .b.t.c.SpringBootTestContextBootstrapper : Found @SpringBootConfiguration tn.esprit.spring.TimesheetSpringBootCoreDataJpaMvcRest1Application for test class tn.esprit.spring.services.EntrepriseServiceImplTest
2022-06-20 22:29:24.048  INFO 20024 --- [main] .b.t.c.SpringBootTestContextBootstrapper : Loaded default TestExecutionListener class names from location [META-INF/spring.factories]: [org.springframework.boot.test.mock.mockito.MockitoTestExecutionListener, org.springframework.boot.test.mock.mockito.ResetMocksTestExecutionListener, org.springframework.boot.test.autoconfigure.restdocs.RestDocsTestExecutionListener, org.springframework.boot.test.autoconfigure.web.client.MockRestServiceServerResetTestExecutionListener, org.springframework.boot.test.autoconfigure.web.servlet.MockMvcPrintOnlyOnFailureTestExecutionListener, org.springframework.boot.test.autoconfigure.web.servlet.WebDriverTestExecutionListener, org.springframework.test.context.web.ServletTestExecutionListener, org.springframework.test.context.support.DirtiesContextBeforeModesTestExecutionListener, org.springframework.test.context.support.DependencyInjectionTestExecutionListener, org.springframework.test.context.support.DirtiesContextTestExecutionListener, org.springframework.test.context.transaction.TransactionalTestExecutionListener, org.springframework.test.context.jdbc.SqlScriptsTestExecutionListener]
2022-06-20 22:29:24.051  INFO 20024 --- [main] .b.t.c.SpringBootTestContextBootstrapper : Using TestExecutionListeners: [org.springframework.test.context.web.ServletTestExecutionListener@43756cb, org.springframework.test.context.support.DirtiesContextBeforeModesTestExecutionListener@4272d8cf, org.springframework.boot.test.mock.mockito.MockitoTestExecutionListener@4e96cb04, org.springframework.boot.test.autoconfigure.SpringBootDependencyInjectionTestExecutionListener@70ecf57b, org.springframework.test.context.support.DirtiesContextTestExecutionListener@4e5364a3, org.springframework.test.context.transaction.TransactionalTestExecutionListener@1a336906, org.springframework.test.context.jdbc.SqlScriptsTestExecutionListener@62054faf, org.springframework.boot.test.mock.mockito.ResetMocksTestExecutionListener@75d539b9, org.springframework.boot.test.autoconfigure.restdocs.RestDocsTestExecutionListener@20f63ddc, org.springframework.boot.test.autoconfigure.web.client.MockRestServiceServerResetTestExecutionListener@210c1b9d, org.springframework.boot.test.autoconfigure.web.servlet.MockMvcPrintOnlyOnFailureTestExecutionListener@69bc4024, org.springframework.boot.test.autoconfigure.web.servlet.WebDriverTestExecutionListener@3578a45b]
2022-06-20 22:29:24.148  INFO 20024 --- [main] t.e.s.s.EntrepriseServiceImplTest        : Starting EntrepriseServiceImplTest on Naoures with PID 20024 (started by Asus in C:\Users\Asus\OneDrive\Desktop\Nouveau dossier\devops)
2022-06-20 22:29:24.149  INFO 20024 --- [main] t.e.s.s.EntrepriseServiceImplTest        : No active profile set, falling back to default profiles: default
2022-06-20 22:29:26.063  INFO 20024 --- [main] .s.d.r.c.RepositoryConfigurationDelegate : Bootstrapping Spring Data repositories in DEFAULT mode.
2022-06-20 22:29:26.330  INFO 20024 --- [main] .s.d.r.c.RepositoryConfigurationDelegate : Finished Spring Data repository scanning in 257ms. Found 6 repository interfaces.
2022-06-20 22:29:26.593  INFO 20024 --- [main] trationDelegate$BeanPostProcessorChecker : Bean 'org.springframework.transaction.annotation.ProxyTransactionManagementConfiguration' of type [org.springframework.transaction.annotation.ProxyTransactionManagementConfiguration$$EnhancerBySpringCGLIB$$77f0a62e] is not eligible for getting processed by all BeanPostProcessors (for example: not eligible for auto-proxying)
2022-06-20 22:29:26.995  INFO 20024 --- [main] com.zaxxer.hikari.HikariDataSource       : HikariPool-2 - Starting...
2022-06-20 22:29:27.042  INFO 20024 --- [main] com.zaxxer.hikari.HikariDataSource       : HikariPool-2 - Start completed.
2022-06-20 22:29:27.193  INFO 20024 --- [main] o.hibernate.jpa.internal.util.LogHelper  : HHH000204: Processing PersistenceUnitInfo [
	name: default
	...]
2022-06-20 22:29:27.244  INFO 20024 --- [main] org.hibernate.dialect.Dialect            : HHH000400: Using dialect: org.hibernate.dialect.MySQL5Dialect
2022-06-20 22:29:28.421  INFO 20024 --- [main] j.LocalContainerEntityManagerFactoryBean : Initialized JPA EntityManagerFactory for persistence unit 'default'
2022-06-20 22:29:29.102  INFO 20024 --- [main] o.h.h.i.QueryTranslatorFactoryInitiator  : HHH000397: Using ASTQueryTranslatorFactory
2022-06-20 22:29:33.549  INFO 20024 --- [main] o.s.s.concurrent.ThreadPoolTaskExecutor  : Initializing ExecutorService 'applicationTaskExecutor'
2022-06-20 22:29:33.797  WARN 20024 --- [main] aWebConfiguration$JpaWebMvcConfiguration : spring.jpa.open-in-view is enabled by default. Therefore, database queries may be performed during view rendering. Explicitly configure spring.jpa.open-in-view to disable this warning
2022-06-20 22:29:35.169  INFO 20024 --- [main] t.e.s.s.EntrepriseServiceImplTest        : Started EntrepriseServiceImplTest in 11.108 seconds (JVM running for 31.504)
2022-06-20 22:29:35.609  INFO 20024 --- [main] .b.t.c.SpringBootTestContextBootstrapper : Neither @ContextConfiguration nor @ContextHierarchy found for test class [tn.esprit.spring.services.TimesheetServiceImplTest], using SpringBootContextLoader
2022-06-20 22:29:35.611  INFO 20024 --- [main] o.s.t.c.support.AbstractContextLoader    : Could not detect default resource locations for test class [tn.esprit.spring.services.TimesheetServiceImplTest]: no resource found for suffixes {-context.xml, Context.groovy}.
2022-06-20 22:29:35.612  INFO 20024 --- [main] t.c.s.AnnotationConfigContextLoaderUtils : Could not detect default configuration classes for test class [tn.esprit.spring.services.TimesheetServiceImplTest]: TimesheetServiceImplTest does not declare any static, non-private, non-final, nested classes annotated with @Configuration.
2022-06-20 22:29:35.731  INFO 20024 --- [main] .b.t.c.SpringBootTestContextBootstrapper : Found @SpringBootConfiguration tn.esprit.spring.TimesheetSpringBootCoreDataJpaMvcRest1Application for test class tn.esprit.spring.services.TimesheetServiceImplTest
2022-06-20 22:29:35.735  INFO 20024 --- [main] .b.t.c.SpringBootTestContextBootstrapper : Loaded default TestExecutionListener class names from location [META-INF/spring.factories]: [org.springframework.boot.test.mock.mockito.MockitoTestExecutionListener, org.springframework.boot.test.mock.mockito.ResetMocksTestExecutionListener, org.springframework.boot.test.autoconfigure.restdocs.RestDocsTestExecutionListener, org.springframework.boot.test.autoconfigure.web.client.MockRestServiceServerResetTestExecutionListener, org.springframework.boot.test.autoconfigure.web.servlet.MockMvcPrintOnlyOnFailureTestExecutionListener, org.springframework.boot.test.autoconfigure.web.servlet.WebDriverTestExecutionListener, org.springframework.test.context.web.ServletTestExecutionListener, org.springframework.test.context.support.DirtiesContextBeforeModesTestExecutionListener, org.springframework.test.context.support.DependencyInjectionTestExecutionListener, org.springframework.test.context.support.DirtiesContextTestExecutionListener, org.springframework.test.context.transaction.TransactionalTestExecutionListener, org.springframework.test.context.jdbc.SqlScriptsTestExecutionListener]
2022-06-20 22:29:35.735  INFO 20024 --- [main] .b.t.c.SpringBootTestContextBootstrapper : Using TestExecutionListeners: [org.springframework.test.context.web.ServletTestExecutionListener@5a4b8e25, org.springframework.test.context.support.DirtiesContextBeforeModesTestExecutionListener@1013871e, org.springframework.boot.test.mock.mockito.MockitoTestExecutionListener@5a9051fd, org.springframework.boot.test.autoconfigure.SpringBootDependencyInjectionTestExecutionListener@7614378d, org.springframework.test.context.support.DirtiesContextTestExecutionListener@7028b5cc, org.springframework.test.context.transaction.TransactionalTestExecutionListener@7c0ff7a0, org.springframework.test.context.jdbc.SqlScriptsTestExecutionListener@24c84e65, org.springframework.boot.test.mock.mockito.ResetMocksTestExecutionListener@7337bd2e, org.springframework.boot.test.autoconfigure.restdocs.RestDocsTestExecutionListener@4604e051, org.springframework.boot.test.autoconfigure.web.client.MockRestServiceServerResetTestExecutionListener@4535bdc6, org.springframework.boot.test.autoconfigure.web.servlet.MockMvcPrintOnlyOnFailureTestExecutionListener@23e86863, org.springframework.boot.test.autoconfigure.web.servlet.WebDriverTestExecutionListener@6df87ffd]
2022-06-20 22:29:36.988  INFO 20024 --- [Thread-2] o.s.s.concurrent.ThreadPoolTaskExecutor  : Shutting down ExecutorService 'applicationTaskExecutor'
2022-06-20 22:29:36.990  INFO 20024 --- [Thread-4] o.s.s.concurrent.ThreadPoolTaskExecutor  : Shutting down ExecutorService 'applicationTaskExecutor'
2022-06-20 22:29:36.993  INFO 20024 --- [Thread-4] j.LocalContainerEntityManagerFactoryBean : Closing JPA EntityManagerFactory for persistence unit 'default'
2022-06-20 22:29:37.006  INFO 20024 --- [Thread-2] j.LocalContainerEntityManagerFactoryBean : Closing JPA EntityManagerFactory for persistence unit 'default'
2022-06-20 22:29:37.024  INFO 20024 --- [Thread-4] com.zaxxer.hikari.HikariDataSource       : HikariPool-2 - Shutdown initiated...
2022-06-20 22:29:37.033  INFO 20024 --- [Thread-2] com.zaxxer.hikari.HikariDataSource       : HikariPool-1 - Shutdown initiated...
2022-06-20 22:29:37.082  INFO 20024 --- [Thread-2] com.zaxxer.hikari.HikariDataSource       : HikariPool-1 - Shutdown completed.
2022-06-20 22:29:37.085  INFO 20024 --- [Thread-4] com.zaxxer.hikari.HikariDataSource       : HikariPool-2 - Shutdown completed.
2022-06-20 22:31:36.310  INFO 19064 --- [main] t.e.s.services.EmployeServiceImplTest    : Starting EmployeServiceImplTest on Naoures with PID 19064 (started by Asus in C:\Users\Asus\OneDrive\Desktop\Nouveau dossier\devops)
2022-06-20 22:31:36.313  INFO 19064 --- [main] t.e.s.services.EmployeServiceImplTest    : No active profile set, falling back to default profiles: default
2022-06-20 22:31:38.098  INFO 19064 --- [main] .s.d.r.c.RepositoryConfigurationDelegate : Bootstrapping Spring Data repositories in DEFAULT mode.
2022-06-20 22:31:38.302  INFO 19064 --- [main] .s.d.r.c.RepositoryConfigurationDelegate : Finished Spring Data repository scanning in 186ms. Found 6 repository interfaces.
2022-06-20 22:31:39.093  INFO 19064 --- [main] trationDelegate$BeanPostProcessorChecker : Bean 'org.springframework.transaction.annotation.ProxyTransactionManagementConfiguration' of type [org.springframework.transaction.annotation.ProxyTransactionManagementConfiguration$$EnhancerBySpringCGLIB$$ac9cc0b9] is not eligible for getting processed by all BeanPostProcessors (for example: not eligible for auto-proxying)
2022-06-20 22:31:39.643  INFO 19064 --- [main] com.zaxxer.hikari.HikariDataSource       : HikariPool-1 - Starting...
2022-06-20 22:31:39.990  INFO 19064 --- [main] com.zaxxer.hikari.HikariDataSource       : HikariPool-1 - Start completed.
2022-06-20 22:31:40.120  INFO 19064 --- [main] o.hibernate.jpa.internal.util.LogHelper  : HHH000204: Processing PersistenceUnitInfo [
	name: default
	...]
2022-06-20 22:31:40.237  INFO 19064 --- [main] org.hibernate.Version                    : HHH000412: Hibernate Core {5.3.9.Final}
2022-06-20 22:31:40.240  INFO 19064 --- [main] org.hibernate.cfg.Environment            : HHH000206: hibernate.properties not found
2022-06-20 22:31:40.511  INFO 19064 --- [main] o.hibernate.annotations.common.Version   : HCANN000001: Hibernate Commons Annotations {5.0.4.Final}
2022-06-20 22:31:41.332  INFO 19064 --- [main] org.hibernate.dialect.Dialect            : HHH000400: Using dialect: org.hibernate.dialect.MySQL5Dialect
2022-06-20 22:31:43.236  INFO 19064 --- [main] j.LocalContainerEntityManagerFactoryBean : Initialized JPA EntityManagerFactory for persistence unit 'default'
2022-06-20 22:31:43.861  INFO 19064 --- [main] o.h.h.i.QueryTranslatorFactoryInitiator  : HHH000397: Using ASTQueryTranslatorFactory
2022-06-20 22:31:46.066  INFO 19064 --- [main] o.s.s.concurrent.ThreadPoolTaskExecutor  : Initializing ExecutorService 'applicationTaskExecutor'
2022-06-20 22:31:46.197  WARN 19064 --- [main] aWebConfiguration$JpaWebMvcConfiguration : spring.jpa.open-in-view is enabled by default. Therefore, database queries may be performed during view rendering. Explicitly configure spring.jpa.open-in-view to disable this warning
2022-06-20 22:31:47.003  INFO 19064 --- [main] t.e.s.services.EmployeServiceImplTest    : Started EmployeServiceImplTest in 11.473 seconds (JVM running for 13.323)
2022-06-20 22:31:47.543  INFO 19064 --- [main] .b.t.c.SpringBootTestContextBootstrapper : Neither @ContextConfiguration nor @ContextHierarchy found for test class [tn.esprit.spring.services.EntrepriseServiceImplTest], using SpringBootContextLoader
2022-06-20 22:31:47.546  INFO 19064 --- [main] o.s.t.c.support.AbstractContextLoader    : Could not detect default resource locations for test class [tn.esprit.spring.services.EntrepriseServiceImplTest]: no resource found for suffixes {-context.xml, Context.groovy}.
2022-06-20 22:31:47.548  INFO 19064 --- [main] t.c.s.AnnotationConfigContextLoaderUtils : Could not detect default configuration classes for test class [tn.esprit.spring.services.EntrepriseServiceImplTest]: EntrepriseServiceImplTest does not declare any static, non-private, non-final, nested classes annotated with @Configuration.
2022-06-20 22:31:47.593  INFO 19064 --- [main] .b.t.c.SpringBootTestContextBootstrapper : Found @SpringBootConfiguration tn.esprit.spring.TimesheetSpringBootCoreDataJpaMvcRest1Application for test class tn.esprit.spring.services.EntrepriseServiceImplTest
2022-06-20 22:31:47.597  INFO 19064 --- [main] .b.t.c.SpringBootTestContextBootstrapper : Loaded default TestExecutionListener class names from location [META-INF/spring.factories]: [org.springframework.boot.test.mock.mockito.MockitoTestExecutionListener, org.springframework.boot.test.mock.mockito.ResetMocksTestExecutionListener, org.springframework.boot.test.autoconfigure.restdocs.RestDocsTestExecutionListener, org.springframework.boot.test.autoconfigure.web.client.MockRestServiceServerResetTestExecutionListener, org.springframework.boot.test.autoconfigure.web.servlet.MockMvcPrintOnlyOnFailureTestExecutionListener, org.springframework.boot.test.autoconfigure.web.servlet.WebDriverTestExecutionListener, org.springframework.test.context.web.ServletTestExecutionListener, org.springframework.test.context.support.DirtiesContextBeforeModesTestExecutionListener, org.springframework.test.context.support.DependencyInjectionTestExecutionListener, org.springframework.test.context.support.DirtiesContextTestExecutionListener, org.springframework.test.context.transaction.TransactionalTestExecutionListener, org.springframework.test.context.jdbc.SqlScriptsTestExecutionListener]
2022-06-20 22:31:47.598  INFO 19064 --- [main] .b.t.c.SpringBootTestContextBootstrapper : Using TestExecutionListeners: [org.springframework.test.context.web.ServletTestExecutionListener@39f4a7c4, org.springframework.test.context.support.DirtiesContextBeforeModesTestExecutionListener@111fe921, org.springframework.boot.test.mock.mockito.MockitoTestExecutionListener@1ff542a3, org.springframework.boot.test.autoconfigure.SpringBootDependencyInjectionTestExecutionListener@48ee3c2d, org.springframework.test.context.support.DirtiesContextTestExecutionListener@54387873, org.springframework.test.context.transaction.TransactionalTestExecutionListener@3a80c534, org.springframework.test.context.jdbc.SqlScriptsTestExecutionListener@fd5689d, org.springframework.boot.test.mock.mockito.ResetMocksTestExecutionListener@36e3321e, org.springframework.boot.test.autoconfigure.restdocs.RestDocsTestExecutionListener@218f2f51, org.springframework.boot.test.autoconfigure.web.client.MockRestServiceServerResetTestExecutionListener@1d9af731, org.springframework.boot.test.autoconfigure.web.servlet.MockMvcPrintOnlyOnFailureTestExecutionListener@39afe59f, org.springframework.boot.test.autoconfigure.web.servlet.WebDriverTestExecutionListener@16f34376]
2022-06-20 22:31:47.686  INFO 19064 --- [main] t.e.s.s.EntrepriseServiceImplTest        : Starting EntrepriseServiceImplTest on Naoures with PID 19064 (started by Asus in C:\Users\Asus\OneDrive\Desktop\Nouveau dossier\devops)
2022-06-20 22:31:47.687  INFO 19064 --- [main] t.e.s.s.EntrepriseServiceImplTest        : No active profile set, falling back to default profiles: default
2022-06-20 22:31:48.189  INFO 19064 --- [main] .s.d.r.c.RepositoryConfigurationDelegate : Bootstrapping Spring Data repositories in DEFAULT mode.
2022-06-20 22:31:48.271  INFO 19064 --- [main] .s.d.r.c.RepositoryConfigurationDelegate : Finished Spring Data repository scanning in 81ms. Found 6 repository interfaces.
2022-06-20 22:31:48.411  INFO 19064 --- [main] trationDelegate$BeanPostProcessorChecker : Bean 'org.springframework.transaction.annotation.ProxyTransactionManagementConfiguration' of type [org.springframework.transaction.annotation.ProxyTransactionManagementConfiguration$$EnhancerBySpringCGLIB$$ac9cc0b9] is not eligible for getting processed by all BeanPostProcessors (for example: not eligible for auto-proxying)
2022-06-20 22:31:48.523  INFO 19064 --- [main] com.zaxxer.hikari.HikariDataSource       : HikariPool-2 - Starting...
2022-06-20 22:31:48.530  INFO 19064 --- [main] com.zaxxer.hikari.HikariDataSource       : HikariPool-2 - Start completed.
2022-06-20 22:31:48.583  INFO 19064 --- [main] o.hibernate.jpa.internal.util.LogHelper  : HHH000204: Processing PersistenceUnitInfo [
	name: default
	...]
2022-06-20 22:31:48.603  INFO 19064 --- [main] org.hibernate.dialect.Dialect            : HHH000400: Using dialect: org.hibernate.dialect.MySQL5Dialect
2022-06-20 22:31:49.110  INFO 19064 --- [main] j.LocalContainerEntityManagerFactoryBean : Initialized JPA EntityManagerFactory for persistence unit 'default'
2022-06-20 22:31:49.390  INFO 19064 --- [main] o.h.h.i.QueryTranslatorFactoryInitiator  : HHH000397: Using ASTQueryTranslatorFactory
2022-06-20 22:31:50.944  INFO 19064 --- [main] o.s.s.concurrent.ThreadPoolTaskExecutor  : Initializing ExecutorService 'applicationTaskExecutor'
2022-06-20 22:31:50.973  WARN 19064 --- [main] aWebConfiguration$JpaWebMvcConfiguration : spring.jpa.open-in-view is enabled by default. Therefore, database queries may be performed during view rendering. Explicitly configure spring.jpa.open-in-view to disable this warning
2022-06-20 22:31:51.557  INFO 19064 --- [main] t.e.s.s.EntrepriseServiceImplTest        : Started EntrepriseServiceImplTest in 3.956 seconds (JVM running for 17.877)
2022-06-20 22:31:51.663  INFO 19064 --- [main] .b.t.c.SpringBootTestContextBootstrapper : Neither @ContextConfiguration nor @ContextHierarchy found for test class [tn.esprit.spring.services.TimesheetServiceImplTest], using SpringBootContextLoader
2022-06-20 22:31:51.665  INFO 19064 --- [main] o.s.t.c.support.AbstractContextLoader    : Could not detect default resource locations for test class [tn.esprit.spring.services.TimesheetServiceImplTest]: no resource found for suffixes {-context.xml, Context.groovy}.
2022-06-20 22:31:51.666  INFO 19064 --- [main] t.c.s.AnnotationConfigContextLoaderUtils : Could not detect default configuration classes for test class [tn.esprit.spring.services.TimesheetServiceImplTest]: TimesheetServiceImplTest does not declare any static, non-private, non-final, nested classes annotated with @Configuration.
2022-06-20 22:31:51.670  INFO 19064 --- [main] .b.t.c.SpringBootTestContextBootstrapper : Found @SpringBootConfiguration tn.esprit.spring.TimesheetSpringBootCoreDataJpaMvcRest1Application for test class tn.esprit.spring.services.TimesheetServiceImplTest
2022-06-20 22:31:51.674  INFO 19064 --- [main] .b.t.c.SpringBootTestContextBootstrapper : Loaded default TestExecutionListener class names from location [META-INF/spring.factories]: [org.springframework.boot.test.mock.mockito.MockitoTestExecutionListener, org.springframework.boot.test.mock.mockito.ResetMocksTestExecutionListener, org.springframework.boot.test.autoconfigure.restdocs.RestDocsTestExecutionListener, org.springframework.boot.test.autoconfigure.web.client.MockRestServiceServerResetTestExecutionListener, org.springframework.boot.test.autoconfigure.web.servlet.MockMvcPrintOnlyOnFailureTestExecutionListener, org.springframework.boot.test.autoconfigure.web.servlet.WebDriverTestExecutionListener, org.springframework.test.context.web.ServletTestExecutionListener, org.springframework.test.context.support.DirtiesContextBeforeModesTestExecutionListener, org.springframework.test.context.support.DependencyInjectionTestExecutionListener, org.springframework.test.context.support.DirtiesContextTestExecutionListener, org.springframework.test.context.transaction.TransactionalTestExecutionListener, org.springframework.test.context.jdbc.SqlScriptsTestExecutionListener]
2022-06-20 22:31:51.675  INFO 19064 --- [main] .b.t.c.SpringBootTestContextBootstrapper : Using TestExecutionListeners: [org.springframework.test.context.web.ServletTestExecutionListener@4ba1c1a2, org.springframework.test.context.support.DirtiesContextBeforeModesTestExecutionListener@33568e26, org.springframework.boot.test.mock.mockito.MockitoTestExecutionListener@97b84a4, org.springframework.boot.test.autoconfigure.SpringBootDependencyInjectionTestExecutionListener@35555145, org.springframework.test.context.support.DirtiesContextTestExecutionListener@70bc3a9c, org.springframework.test.context.transaction.TransactionalTestExecutionListener@771cbd13, org.springframework.test.context.jdbc.SqlScriptsTestExecutionListener@229749f0, org.springframework.boot.test.mock.mockito.ResetMocksTestExecutionListener@3d57fb9e, org.springframework.boot.test.autoconfigure.restdocs.RestDocsTestExecutionListener@2c2e5e72, org.springframework.boot.test.autoconfigure.web.client.MockRestServiceServerResetTestExecutionListener@3e489ac1, org.springframework.boot.test.autoconfigure.web.servlet.MockMvcPrintOnlyOnFailureTestExecutionListener@26888c31, org.springframework.boot.test.autoconfigure.web.servlet.WebDriverTestExecutionListener@24010875]
2022-06-20 22:31:52.091  INFO 19064 --- [Thread-2] o.s.s.concurrent.ThreadPoolTaskExecutor  : Shutting down ExecutorService 'applicationTaskExecutor'
2022-06-20 22:31:52.091  INFO 19064 --- [Thread-4] o.s.s.concurrent.ThreadPoolTaskExecutor  : Shutting down ExecutorService 'applicationTaskExecutor'
2022-06-20 22:31:52.095  INFO 19064 --- [Thread-2] j.LocalContainerEntityManagerFactoryBean : Closing JPA EntityManagerFactory for persistence unit 'default'
2022-06-20 22:31:52.097  INFO 19064 --- [Thread-4] j.LocalContainerEntityManagerFactoryBean : Closing JPA EntityManagerFactory for persistence unit 'default'
2022-06-20 22:31:52.100  INFO 19064 --- [Thread-2] com.zaxxer.hikari.HikariDataSource       : HikariPool-1 - Shutdown initiated...
2022-06-20 22:31:52.100  INFO 19064 --- [Thread-4] com.zaxxer.hikari.HikariDataSource       : HikariPool-2 - Shutdown initiated...
2022-06-20 22:31:52.173  INFO 19064 --- [Thread-2] com.zaxxer.hikari.HikariDataSource       : HikariPool-1 - Shutdown completed.
2022-06-20 22:31:52.173  INFO 19064 --- [Thread-4] com.zaxxer.hikari.HikariDataSource       : HikariPool-2 - Shutdown completed.
2022-06-20 22:32:54.340  INFO 3316 --- [main] t.e.s.services.EmployeServiceImplTest    : Starting EmployeServiceImplTest on Naoures with PID 3316 (started by Asus in C:\Users\Asus\OneDrive\Desktop\Nouveau dossier\devops)
2022-06-20 22:32:54.341  INFO 3316 --- [main] t.e.s.services.EmployeServiceImplTest    : No active profile set, falling back to default profiles: default
2022-06-20 22:32:55.563  INFO 3316 --- [main] .s.d.r.c.RepositoryConfigurationDelegate : Bootstrapping Spring Data repositories in DEFAULT mode.
2022-06-20 22:32:55.696  INFO 3316 --- [main] .s.d.r.c.RepositoryConfigurationDelegate : Finished Spring Data repository scanning in 121ms. Found 6 repository interfaces.
2022-06-20 22:32:56.348  INFO 3316 --- [main] trationDelegate$BeanPostProcessorChecker : Bean 'org.springframework.transaction.annotation.ProxyTransactionManagementConfiguration' of type [org.springframework.transaction.annotation.ProxyTransactionManagementConfiguration$$EnhancerBySpringCGLIB$$e1289cc3] is not eligible for getting processed by all BeanPostProcessors (for example: not eligible for auto-proxying)
2022-06-20 22:32:56.706  INFO 3316 --- [main] com.zaxxer.hikari.HikariDataSource       : HikariPool-1 - Starting...
2022-06-20 22:32:57.115  INFO 3316 --- [main] com.zaxxer.hikari.HikariDataSource       : HikariPool-1 - Start completed.
2022-06-20 22:32:57.268  INFO 3316 --- [main] o.hibernate.jpa.internal.util.LogHelper  : HHH000204: Processing PersistenceUnitInfo [
	name: default
	...]
2022-06-20 22:32:57.409  INFO 3316 --- [main] org.hibernate.Version                    : HHH000412: Hibernate Core {5.3.9.Final}
2022-06-20 22:32:57.411  INFO 3316 --- [main] org.hibernate.cfg.Environment            : HHH000206: hibernate.properties not found
2022-06-20 22:32:57.661  INFO 3316 --- [main] o.hibernate.annotations.common.Version   : HCANN000001: Hibernate Commons Annotations {5.0.4.Final}
2022-06-20 22:32:58.387  INFO 3316 --- [main] org.hibernate.dialect.Dialect            : HHH000400: Using dialect: org.hibernate.dialect.MySQL5Dialect
2022-06-20 22:33:00.495  INFO 3316 --- [main] j.LocalContainerEntityManagerFactoryBean : Initialized JPA EntityManagerFactory for persistence unit 'default'
2022-06-20 22:33:01.421  INFO 3316 --- [main] o.h.h.i.QueryTranslatorFactoryInitiator  : HHH000397: Using ASTQueryTranslatorFactory
2022-06-20 22:33:03.720  INFO 3316 --- [main] o.s.s.concurrent.ThreadPoolTaskExecutor  : Initializing ExecutorService 'applicationTaskExecutor'
2022-06-20 22:33:03.836  WARN 3316 --- [main] aWebConfiguration$JpaWebMvcConfiguration : spring.jpa.open-in-view is enabled by default. Therefore, database queries may be performed during view rendering. Explicitly configure spring.jpa.open-in-view to disable this warning
2022-06-20 22:33:04.497  INFO 3316 --- [main] t.e.s.services.EmployeServiceImplTest    : Started EmployeServiceImplTest in 10.627 seconds (JVM running for 11.733)
2022-06-20 22:33:05.073  INFO 3316 --- [main] .b.t.c.SpringBootTestContextBootstrapper : Neither @ContextConfiguration nor @ContextHierarchy found for test class [tn.esprit.spring.services.EntrepriseServiceImplTest], using SpringBootContextLoader
2022-06-20 22:33:05.075  INFO 3316 --- [main] o.s.t.c.support.AbstractContextLoader    : Could not detect default resource locations for test class [tn.esprit.spring.services.EntrepriseServiceImplTest]: no resource found for suffixes {-context.xml, Context.groovy}.
2022-06-20 22:33:05.077  INFO 3316 --- [main] t.c.s.AnnotationConfigContextLoaderUtils : Could not detect default configuration classes for test class [tn.esprit.spring.services.EntrepriseServiceImplTest]: EntrepriseServiceImplTest does not declare any static, non-private, non-final, nested classes annotated with @Configuration.
2022-06-20 22:33:05.109  INFO 3316 --- [main] .b.t.c.SpringBootTestContextBootstrapper : Found @SpringBootConfiguration tn.esprit.spring.TimesheetSpringBootCoreDataJpaMvcRest1Application for test class tn.esprit.spring.services.EntrepriseServiceImplTest
2022-06-20 22:33:05.113  INFO 3316 --- [main] .b.t.c.SpringBootTestContextBootstrapper : Loaded default TestExecutionListener class names from location [META-INF/spring.factories]: [org.springframework.boot.test.mock.mockito.MockitoTestExecutionListener, org.springframework.boot.test.mock.mockito.ResetMocksTestExecutionListener, org.springframework.boot.test.autoconfigure.restdocs.RestDocsTestExecutionListener, org.springframework.boot.test.autoconfigure.web.client.MockRestServiceServerResetTestExecutionListener, org.springframework.boot.test.autoconfigure.web.servlet.MockMvcPrintOnlyOnFailureTestExecutionListener, org.springframework.boot.test.autoconfigure.web.servlet.WebDriverTestExecutionListener, org.springframework.test.context.web.ServletTestExecutionListener, org.springframework.test.context.support.DirtiesContextBeforeModesTestExecutionListener, org.springframework.test.context.support.DependencyInjectionTestExecutionListener, org.springframework.test.context.support.DirtiesContextTestExecutionListener, org.springframework.test.context.transaction.TransactionalTestExecutionListener, org.springframework.test.context.jdbc.SqlScriptsTestExecutionListener]
2022-06-20 22:33:05.113  INFO 3316 --- [main] .b.t.c.SpringBootTestContextBootstrapper : Using TestExecutionListeners: [org.springframework.test.context.web.ServletTestExecutionListener@36e3321e, org.springframework.test.context.support.DirtiesContextBeforeModesTestExecutionListener@218f2f51, org.springframework.boot.test.mock.mockito.MockitoTestExecutionListener@1d9af731, org.springframework.boot.test.autoconfigure.SpringBootDependencyInjectionTestExecutionListener@39afe59f, org.springframework.test.context.support.DirtiesContextTestExecutionListener@16f34376, org.springframework.test.context.transaction.TransactionalTestExecutionListener@4ede035e, org.springframework.test.context.jdbc.SqlScriptsTestExecutionListener@43756cb, org.springframework.boot.test.mock.mockito.ResetMocksTestExecutionListener@4272d8cf, org.springframework.boot.test.autoconfigure.restdocs.RestDocsTestExecutionListener@4e96cb04, org.springframework.boot.test.autoconfigure.web.client.MockRestServiceServerResetTestExecutionListener@70ecf57b, org.springframework.boot.test.autoconfigure.web.servlet.MockMvcPrintOnlyOnFailureTestExecutionListener@4e5364a3, org.springframework.boot.test.autoconfigure.web.servlet.WebDriverTestExecutionListener@1a336906]
2022-06-20 22:33:05.257  INFO 3316 --- [main] t.e.s.s.EntrepriseServiceImplTest        : Starting EntrepriseServiceImplTest on Naoures with PID 3316 (started by Asus in C:\Users\Asus\OneDrive\Desktop\Nouveau dossier\devops)
2022-06-20 22:33:05.261  INFO 3316 --- [main] t.e.s.s.EntrepriseServiceImplTest        : No active profile set, falling back to default profiles: default
2022-06-20 22:33:05.798  INFO 3316 --- [main] .s.d.r.c.RepositoryConfigurationDelegate : Bootstrapping Spring Data repositories in DEFAULT mode.
2022-06-20 22:33:05.873  INFO 3316 --- [main] .s.d.r.c.RepositoryConfigurationDelegate : Finished Spring Data repository scanning in 74ms. Found 6 repository interfaces.
2022-06-20 22:33:05.993  INFO 3316 --- [main] trationDelegate$BeanPostProcessorChecker : Bean 'org.springframework.transaction.annotation.ProxyTransactionManagementConfiguration' of type [org.springframework.transaction.annotation.ProxyTransactionManagementConfiguration$$EnhancerBySpringCGLIB$$e1289cc3] is not eligible for getting processed by all BeanPostProcessors (for example: not eligible for auto-proxying)
2022-06-20 22:33:06.130  INFO 3316 --- [main] com.zaxxer.hikari.HikariDataSource       : HikariPool-2 - Starting...
2022-06-20 22:33:06.140  INFO 3316 --- [main] com.zaxxer.hikari.HikariDataSource       : HikariPool-2 - Start completed.
2022-06-20 22:33:06.211  INFO 3316 --- [main] o.hibernate.jpa.internal.util.LogHelper  : HHH000204: Processing PersistenceUnitInfo [
	name: default
	...]
2022-06-20 22:33:06.238  INFO 3316 --- [main] org.hibernate.dialect.Dialect            : HHH000400: Using dialect: org.hibernate.dialect.MySQL5Dialect
2022-06-20 22:33:06.736  INFO 3316 --- [main] j.LocalContainerEntityManagerFactoryBean : Initialized JPA EntityManagerFactory for persistence unit 'default'
2022-06-20 22:33:06.862  INFO 3316 --- [main] o.h.h.i.QueryTranslatorFactoryInitiator  : HHH000397: Using ASTQueryTranslatorFactory
2022-06-20 22:33:07.538  INFO 3316 --- [main] o.s.s.concurrent.ThreadPoolTaskExecutor  : Initializing ExecutorService 'applicationTaskExecutor'
2022-06-20 22:33:07.561  WARN 3316 --- [main] aWebConfiguration$JpaWebMvcConfiguration : spring.jpa.open-in-view is enabled by default. Therefore, database queries may be performed during view rendering. Explicitly configure spring.jpa.open-in-view to disable this warning
2022-06-20 22:33:08.122  INFO 3316 --- [main] t.e.s.s.EntrepriseServiceImplTest        : Started EntrepriseServiceImplTest in 3.005 seconds (JVM running for 15.357)
2022-06-20 22:33:08.207  INFO 3316 --- [main] .b.t.c.SpringBootTestContextBootstrapper : Neither @ContextConfiguration nor @ContextHierarchy found for test class [tn.esprit.spring.services.TimesheetServiceImplTest], using SpringBootContextLoader
2022-06-20 22:33:08.209  INFO 3316 --- [main] o.s.t.c.support.AbstractContextLoader    : Could not detect default resource locations for test class [tn.esprit.spring.services.TimesheetServiceImplTest]: no resource found for suffixes {-context.xml, Context.groovy}.
2022-06-20 22:33:08.209  INFO 3316 --- [main] t.c.s.AnnotationConfigContextLoaderUtils : Could not detect default configuration classes for test class [tn.esprit.spring.services.TimesheetServiceImplTest]: TimesheetServiceImplTest does not declare any static, non-private, non-final, nested classes annotated with @Configuration.
2022-06-20 22:33:08.212  INFO 3316 --- [main] .b.t.c.SpringBootTestContextBootstrapper : Found @SpringBootConfiguration tn.esprit.spring.TimesheetSpringBootCoreDataJpaMvcRest1Application for test class tn.esprit.spring.services.TimesheetServiceImplTest
2022-06-20 22:33:08.216  INFO 3316 --- [main] .b.t.c.SpringBootTestContextBootstrapper : Loaded default TestExecutionListener class names from location [META-INF/spring.factories]: [org.springframework.boot.test.mock.mockito.MockitoTestExecutionListener, org.springframework.boot.test.mock.mockito.ResetMocksTestExecutionListener, org.springframework.boot.test.autoconfigure.restdocs.RestDocsTestExecutionListener, org.springframework.boot.test.autoconfigure.web.client.MockRestServiceServerResetTestExecutionListener, org.springframework.boot.test.autoconfigure.web.servlet.MockMvcPrintOnlyOnFailureTestExecutionListener, org.springframework.boot.test.autoconfigure.web.servlet.WebDriverTestExecutionListener, org.springframework.test.context.web.ServletTestExecutionListener, org.springframework.test.context.support.DirtiesContextBeforeModesTestExecutionListener, org.springframework.test.context.support.DependencyInjectionTestExecutionListener, org.springframework.test.context.support.DirtiesContextTestExecutionListener, org.springframework.test.context.transaction.TransactionalTestExecutionListener, org.springframework.test.context.jdbc.SqlScriptsTestExecutionListener]
2022-06-20 22:33:08.216  INFO 3316 --- [main] .b.t.c.SpringBootTestContextBootstrapper : Using TestExecutionListeners: [org.springframework.test.context.web.ServletTestExecutionListener@e60c5a, org.springframework.test.context.support.DirtiesContextBeforeModesTestExecutionListener@626df173, org.springframework.boot.test.mock.mockito.MockitoTestExecutionListener@4e030feb, org.springframework.boot.test.autoconfigure.SpringBootDependencyInjectionTestExecutionListener@2411b935, org.springframework.test.context.support.DirtiesContextTestExecutionListener@1425e531, org.springframework.test.context.transaction.TransactionalTestExecutionListener@194e78af, org.springframework.test.context.jdbc.SqlScriptsTestExecutionListener@4fe4503a, org.springframework.boot.test.mock.mockito.ResetMocksTestExecutionListener@669580e2, org.springframework.boot.test.autoconfigure.restdocs.RestDocsTestExecutionListener@5d22ed6c, org.springframework.boot.test.autoconfigure.web.client.MockRestServiceServerResetTestExecutionListener@37c37d67, org.springframework.boot.test.autoconfigure.web.servlet.MockMvcPrintOnlyOnFailureTestExecutionListener@5a4b8e25, org.springframework.boot.test.autoconfigure.web.servlet.WebDriverTestExecutionListener@1013871e]
2022-06-20 22:33:08.497  INFO 3316 --- [Thread-4] o.s.s.concurrent.ThreadPoolTaskExecutor  : Shutting down ExecutorService 'applicationTaskExecutor'
2022-06-20 22:33:08.497  INFO 3316 --- [Thread-2] o.s.s.concurrent.ThreadPoolTaskExecutor  : Shutting down ExecutorService 'applicationTaskExecutor'
2022-06-20 22:33:08.502  INFO 3316 --- [Thread-4] j.LocalContainerEntityManagerFactoryBean : Closing JPA EntityManagerFactory for persistence unit 'default'
2022-06-20 22:33:08.503  INFO 3316 --- [Thread-2] j.LocalContainerEntityManagerFactoryBean : Closing JPA EntityManagerFactory for persistence unit 'default'
2022-06-20 22:33:08.508  INFO 3316 --- [Thread-2] com.zaxxer.hikari.HikariDataSource       : HikariPool-1 - Shutdown initiated...
2022-06-20 22:33:08.508  INFO 3316 --- [Thread-4] com.zaxxer.hikari.HikariDataSource       : HikariPool-2 - Shutdown initiated...
2022-06-20 22:33:08.525  INFO 3316 --- [Thread-4] com.zaxxer.hikari.HikariDataSource       : HikariPool-2 - Shutdown completed.
2022-06-20 22:33:08.525  INFO 3316 --- [Thread-2] com.zaxxer.hikari.HikariDataSource       : HikariPool-1 - Shutdown completed.
2022-06-20 22:34:58.936  INFO 22180 --- [main] t.e.s.services.EmployeServiceImplTest    : Starting EmployeServiceImplTest on Naoures with PID 22180 (started by Asus in C:\Users\Asus\OneDrive\Desktop\Nouveau dossier\devops)
2022-06-20 22:34:58.938  INFO 22180 --- [main] t.e.s.services.EmployeServiceImplTest    : No active profile set, falling back to default profiles: default
2022-06-20 22:35:00.285  INFO 22180 --- [main] .s.d.r.c.RepositoryConfigurationDelegate : Bootstrapping Spring Data repositories in DEFAULT mode.
2022-06-20 22:35:00.542  INFO 22180 --- [main] .s.d.r.c.RepositoryConfigurationDelegate : Finished Spring Data repository scanning in 225ms. Found 6 repository interfaces.
2022-06-20 22:35:01.208  INFO 22180 --- [main] trationDelegate$BeanPostProcessorChecker : Bean 'org.springframework.transaction.annotation.ProxyTransactionManagementConfiguration' of type [org.springframework.transaction.annotation.ProxyTransactionManagementConfiguration$$EnhancerBySpringCGLIB$$efc69acd] is not eligible for getting processed by all BeanPostProcessors (for example: not eligible for auto-proxying)
2022-06-20 22:35:01.593  INFO 22180 --- [main] com.zaxxer.hikari.HikariDataSource       : HikariPool-1 - Starting...
2022-06-20 22:35:01.942  INFO 22180 --- [main] com.zaxxer.hikari.HikariDataSource       : HikariPool-1 - Start completed.
2022-06-20 22:35:02.080  INFO 22180 --- [main] o.hibernate.jpa.internal.util.LogHelper  : HHH000204: Processing PersistenceUnitInfo [
	name: default
	...]
2022-06-20 22:35:02.218  INFO 22180 --- [main] org.hibernate.Version                    : HHH000412: Hibernate Core {5.3.9.Final}
2022-06-20 22:35:02.221  INFO 22180 --- [main] org.hibernate.cfg.Environment            : HHH000206: hibernate.properties not found
2022-06-20 22:35:02.497  INFO 22180 --- [main] o.hibernate.annotations.common.Version   : HCANN000001: Hibernate Commons Annotations {5.0.4.Final}
2022-06-20 22:35:03.186  INFO 22180 --- [main] org.hibernate.dialect.Dialect            : HHH000400: Using dialect: org.hibernate.dialect.MySQL5Dialect
2022-06-20 22:35:04.725  INFO 22180 --- [main] j.LocalContainerEntityManagerFactoryBean : Initialized JPA EntityManagerFactory for persistence unit 'default'
2022-06-20 22:35:05.356  INFO 22180 --- [main] o.h.h.i.QueryTranslatorFactoryInitiator  : HHH000397: Using ASTQueryTranslatorFactory
2022-06-20 22:35:07.328  INFO 22180 --- [main] o.s.s.concurrent.ThreadPoolTaskExecutor  : Initializing ExecutorService 'applicationTaskExecutor'
2022-06-20 22:35:07.459  WARN 22180 --- [main] aWebConfiguration$JpaWebMvcConfiguration : spring.jpa.open-in-view is enabled by default. Therefore, database queries may be performed during view rendering. Explicitly configure spring.jpa.open-in-view to disable this warning
2022-06-20 22:35:08.175  INFO 22180 --- [main] t.e.s.services.EmployeServiceImplTest    : Started EmployeServiceImplTest in 9.828 seconds (JVM running for 11.5)
2022-06-20 22:35:08.819  INFO 22180 --- [main] .b.t.c.SpringBootTestContextBootstrapper : Neither @ContextConfiguration nor @ContextHierarchy found for test class [tn.esprit.spring.services.EntrepriseServiceImplTest], using SpringBootContextLoader
2022-06-20 22:35:08.822  INFO 22180 --- [main] o.s.t.c.support.AbstractContextLoader    : Could not detect default resource locations for test class [tn.esprit.spring.services.EntrepriseServiceImplTest]: no resource found for suffixes {-context.xml, Context.groovy}.
2022-06-20 22:35:08.824  INFO 22180 --- [main] t.c.s.AnnotationConfigContextLoaderUtils : Could not detect default configuration classes for test class [tn.esprit.spring.services.EntrepriseServiceImplTest]: EntrepriseServiceImplTest does not declare any static, non-private, non-final, nested classes annotated with @Configuration.
2022-06-20 22:35:08.854  INFO 22180 --- [main] .b.t.c.SpringBootTestContextBootstrapper : Found @SpringBootConfiguration tn.esprit.spring.TimesheetSpringBootCoreDataJpaMvcRest1Application for test class tn.esprit.spring.services.EntrepriseServiceImplTest
2022-06-20 22:35:08.858  INFO 22180 --- [main] .b.t.c.SpringBootTestContextBootstrapper : Loaded default TestExecutionListener class names from location [META-INF/spring.factories]: [org.springframework.boot.test.mock.mockito.MockitoTestExecutionListener, org.springframework.boot.test.mock.mockito.ResetMocksTestExecutionListener, org.springframework.boot.test.autoconfigure.restdocs.RestDocsTestExecutionListener, org.springframework.boot.test.autoconfigure.web.client.MockRestServiceServerResetTestExecutionListener, org.springframework.boot.test.autoconfigure.web.servlet.MockMvcPrintOnlyOnFailureTestExecutionListener, org.springframework.boot.test.autoconfigure.web.servlet.WebDriverTestExecutionListener, org.springframework.test.context.web.ServletTestExecutionListener, org.springframework.test.context.support.DirtiesContextBeforeModesTestExecutionListener, org.springframework.test.context.support.DependencyInjectionTestExecutionListener, org.springframework.test.context.support.DirtiesContextTestExecutionListener, org.springframework.test.context.transaction.TransactionalTestExecutionListener, org.springframework.test.context.jdbc.SqlScriptsTestExecutionListener]
2022-06-20 22:35:08.859  INFO 22180 --- [main] .b.t.c.SpringBootTestContextBootstrapper : Using TestExecutionListeners: [org.springframework.test.context.web.ServletTestExecutionListener@d512c1, org.springframework.test.context.support.DirtiesContextBeforeModesTestExecutionListener@578b2dec, org.springframework.boot.test.mock.mockito.MockitoTestExecutionListener@66863941, org.springframework.boot.test.autoconfigure.SpringBootDependencyInjectionTestExecutionListener@39f4a7c4, org.springframework.test.context.support.DirtiesContextTestExecutionListener@111fe921, org.springframework.test.context.transaction.TransactionalTestExecutionListener@1ff542a3, org.springframework.test.context.jdbc.SqlScriptsTestExecutionListener@48ee3c2d, org.springframework.boot.test.mock.mockito.ResetMocksTestExecutionListener@54387873, org.springframework.boot.test.autoconfigure.restdocs.RestDocsTestExecutionListener@3a80c534, org.springframework.boot.test.autoconfigure.web.client.MockRestServiceServerResetTestExecutionListener@fd5689d, org.springframework.boot.test.autoconfigure.web.servlet.MockMvcPrintOnlyOnFailureTestExecutionListener@36e3321e, org.springframework.boot.test.autoconfigure.web.servlet.WebDriverTestExecutionListener@218f2f51]
2022-06-20 22:35:08.929  INFO 22180 --- [main] t.e.s.s.EntrepriseServiceImplTest        : Starting EntrepriseServiceImplTest on Naoures with PID 22180 (started by Asus in C:\Users\Asus\OneDrive\Desktop\Nouveau dossier\devops)
2022-06-20 22:35:08.931  INFO 22180 --- [main] t.e.s.s.EntrepriseServiceImplTest        : No active profile set, falling back to default profiles: default
2022-06-20 22:35:09.364  INFO 22180 --- [main] .s.d.r.c.RepositoryConfigurationDelegate : Bootstrapping Spring Data repositories in DEFAULT mode.
2022-06-20 22:35:09.458  INFO 22180 --- [main] .s.d.r.c.RepositoryConfigurationDelegate : Finished Spring Data repository scanning in 93ms. Found 6 repository interfaces.
2022-06-20 22:35:09.640  INFO 22180 --- [main] trationDelegate$BeanPostProcessorChecker : Bean 'org.springframework.transaction.annotation.ProxyTransactionManagementConfiguration' of type [org.springframework.transaction.annotation.ProxyTransactionManagementConfiguration$$EnhancerBySpringCGLIB$$efc69acd] is not eligible for getting processed by all BeanPostProcessors (for example: not eligible for auto-proxying)
2022-06-20 22:35:09.871  INFO 22180 --- [main] com.zaxxer.hikari.HikariDataSource       : HikariPool-2 - Starting...
2022-06-20 22:35:09.880  INFO 22180 --- [main] com.zaxxer.hikari.HikariDataSource       : HikariPool-2 - Start completed.
2022-06-20 22:35:09.964  INFO 22180 --- [main] o.hibernate.jpa.internal.util.LogHelper  : HHH000204: Processing PersistenceUnitInfo [
	name: default
	...]
2022-06-20 22:35:09.989  INFO 22180 --- [main] org.hibernate.dialect.Dialect            : HHH000400: Using dialect: org.hibernate.dialect.MySQL5Dialect
2022-06-20 22:35:10.486  INFO 22180 --- [main] j.LocalContainerEntityManagerFactoryBean : Initialized JPA EntityManagerFactory for persistence unit 'default'
2022-06-20 22:35:10.656  INFO 22180 --- [main] o.h.h.i.QueryTranslatorFactoryInitiator  : HHH000397: Using ASTQueryTranslatorFactory
2022-06-20 22:35:11.385  INFO 22180 --- [main] o.s.s.concurrent.ThreadPoolTaskExecutor  : Initializing ExecutorService 'applicationTaskExecutor'
2022-06-20 22:35:11.412  WARN 22180 --- [main] aWebConfiguration$JpaWebMvcConfiguration : spring.jpa.open-in-view is enabled by default. Therefore, database queries may be performed during view rendering. Explicitly configure spring.jpa.open-in-view to disable this warning
2022-06-20 22:35:12.045  INFO 22180 --- [main] t.e.s.s.EntrepriseServiceImplTest        : Started EntrepriseServiceImplTest in 3.183 seconds (JVM running for 15.37)
2022-06-20 22:35:12.155  INFO 22180 --- [main] .b.t.c.SpringBootTestContextBootstrapper : Neither @ContextConfiguration nor @ContextHierarchy found for test class [tn.esprit.spring.services.TimesheetServiceImplTest], using SpringBootContextLoader
2022-06-20 22:35:12.158  INFO 22180 --- [main] o.s.t.c.support.AbstractContextLoader    : Could not detect default resource locations for test class [tn.esprit.spring.services.TimesheetServiceImplTest]: no resource found for suffixes {-context.xml, Context.groovy}.
2022-06-20 22:35:12.158  INFO 22180 --- [main] t.c.s.AnnotationConfigContextLoaderUtils : Could not detect default configuration classes for test class [tn.esprit.spring.services.TimesheetServiceImplTest]: TimesheetServiceImplTest does not declare any static, non-private, non-final, nested classes annotated with @Configuration.
2022-06-20 22:35:12.162  INFO 22180 --- [main] .b.t.c.SpringBootTestContextBootstrapper : Found @SpringBootConfiguration tn.esprit.spring.TimesheetSpringBootCoreDataJpaMvcRest1Application for test class tn.esprit.spring.services.TimesheetServiceImplTest
2022-06-20 22:35:12.166  INFO 22180 --- [main] .b.t.c.SpringBootTestContextBootstrapper : Loaded default TestExecutionListener class names from location [META-INF/spring.factories]: [org.springframework.boot.test.mock.mockito.MockitoTestExecutionListener, org.springframework.boot.test.mock.mockito.ResetMocksTestExecutionListener, org.springframework.boot.test.autoconfigure.restdocs.RestDocsTestExecutionListener, org.springframework.boot.test.autoconfigure.web.client.MockRestServiceServerResetTestExecutionListener, org.springframework.boot.test.autoconfigure.web.servlet.MockMvcPrintOnlyOnFailureTestExecutionListener, org.springframework.boot.test.autoconfigure.web.servlet.WebDriverTestExecutionListener, org.springframework.test.context.web.ServletTestExecutionListener, org.springframework.test.context.support.DirtiesContextBeforeModesTestExecutionListener, org.springframework.test.context.support.DependencyInjectionTestExecutionListener, org.springframework.test.context.support.DirtiesContextTestExecutionListener, org.springframework.test.context.transaction.TransactionalTestExecutionListener, org.springframework.test.context.jdbc.SqlScriptsTestExecutionListener]
2022-06-20 22:35:12.168  INFO 22180 --- [main] .b.t.c.SpringBootTestContextBootstrapper : Using TestExecutionListeners: [org.springframework.test.context.web.ServletTestExecutionListener@70bc3a9c, org.springframework.test.context.support.DirtiesContextBeforeModesTestExecutionListener@771cbd13, org.springframework.boot.test.mock.mockito.MockitoTestExecutionListener@229749f0, org.springframework.boot.test.autoconfigure.SpringBootDependencyInjectionTestExecutionListener@3d57fb9e, org.springframework.test.context.support.DirtiesContextTestExecutionListener@2c2e5e72, org.springframework.test.context.transaction.TransactionalTestExecutionListener@3e489ac1, org.springframework.test.context.jdbc.SqlScriptsTestExecutionListener@26888c31, org.springframework.boot.test.mock.mockito.ResetMocksTestExecutionListener@24010875, org.springframework.boot.test.autoconfigure.restdocs.RestDocsTestExecutionListener@7a021f49, org.springframework.boot.test.autoconfigure.web.client.MockRestServiceServerResetTestExecutionListener@e60c5a, org.springframework.boot.test.autoconfigure.web.servlet.MockMvcPrintOnlyOnFailureTestExecutionListener@626df173, org.springframework.boot.test.autoconfigure.web.servlet.WebDriverTestExecutionListener@4e030feb]
2022-06-20 22:35:13.466  INFO 22180 --- [Thread-4] o.s.s.concurrent.ThreadPoolTaskExecutor  : Shutting down ExecutorService 'applicationTaskExecutor'
2022-06-20 22:35:13.468  INFO 22180 --- [Thread-2] o.s.s.concurrent.ThreadPoolTaskExecutor  : Shutting down ExecutorService 'applicationTaskExecutor'
2022-06-20 22:35:13.470  INFO 22180 --- [Thread-2] j.LocalContainerEntityManagerFactoryBean : Closing JPA EntityManagerFactory for persistence unit 'default'
2022-06-20 22:35:13.474  INFO 22180 --- [Thread-4] j.LocalContainerEntityManagerFactoryBean : Closing JPA EntityManagerFactory for persistence unit 'default'
2022-06-20 22:35:13.482  INFO 22180 --- [Thread-2] com.zaxxer.hikari.HikariDataSource       : HikariPool-1 - Shutdown initiated...
2022-06-20 22:35:13.482  INFO 22180 --- [Thread-4] com.zaxxer.hikari.HikariDataSource       : HikariPool-2 - Shutdown initiated...
2022-06-20 22:35:13.501  INFO 22180 --- [Thread-2] com.zaxxer.hikari.HikariDataSource       : HikariPool-1 - Shutdown completed.
2022-06-20 22:35:13.505  INFO 22180 --- [Thread-4] com.zaxxer.hikari.HikariDataSource       : HikariPool-2 - Shutdown completed.
2022-06-20 22:37:26.947  INFO 21724 --- [main] t.e.s.services.EmployeServiceImplTest    : Starting EmployeServiceImplTest on Naoures with PID 21724 (started by Asus in C:\Users\Asus\OneDrive\Desktop\Nouveau dossier\devops)
2022-06-20 22:37:26.949  INFO 21724 --- [main] t.e.s.services.EmployeServiceImplTest    : No active profile set, falling back to default profiles: default
2022-06-20 22:37:28.200  INFO 21724 --- [main] .s.d.r.c.RepositoryConfigurationDelegate : Bootstrapping Spring Data repositories in DEFAULT mode.
2022-06-20 22:37:28.401  INFO 21724 --- [main] .s.d.r.c.RepositoryConfigurationDelegate : Finished Spring Data repository scanning in 162ms. Found 6 repository interfaces.
2022-06-20 22:37:29.001  INFO 21724 --- [main] trationDelegate$BeanPostProcessorChecker : Bean 'org.springframework.transaction.annotation.ProxyTransactionManagementConfiguration' of type [org.springframework.transaction.annotation.ProxyTransactionManagementConfiguration$$EnhancerBySpringCGLIB$$9f03a6c4] is not eligible for getting processed by all BeanPostProcessors (for example: not eligible for auto-proxying)
2022-06-20 22:37:29.375  INFO 21724 --- [main] com.zaxxer.hikari.HikariDataSource       : HikariPool-1 - Starting...
2022-06-20 22:37:29.725  INFO 21724 --- [main] com.zaxxer.hikari.HikariDataSource       : HikariPool-1 - Start completed.
2022-06-20 22:37:29.863  INFO 21724 --- [main] o.hibernate.jpa.internal.util.LogHelper  : HHH000204: Processing PersistenceUnitInfo [
	name: default
	...]
2022-06-20 22:37:30.002  INFO 21724 --- [main] org.hibernate.Version                    : HHH000412: Hibernate Core {5.3.9.Final}
2022-06-20 22:37:30.005  INFO 21724 --- [main] org.hibernate.cfg.Environment            : HHH000206: hibernate.properties not found
2022-06-20 22:37:30.275  INFO 21724 --- [main] o.hibernate.annotations.common.Version   : HCANN000001: Hibernate Commons Annotations {5.0.4.Final}
2022-06-20 22:37:30.985  INFO 21724 --- [main] org.hibernate.dialect.Dialect            : HHH000400: Using dialect: org.hibernate.dialect.MySQL5Dialect
2022-06-20 22:37:32.701  INFO 21724 --- [main] j.LocalContainerEntityManagerFactoryBean : Initialized JPA EntityManagerFactory for persistence unit 'default'
2022-06-20 22:37:33.227  INFO 21724 --- [main] o.h.h.i.QueryTranslatorFactoryInitiator  : HHH000397: Using ASTQueryTranslatorFactory
2022-06-20 22:37:35.159  INFO 21724 --- [main] o.s.s.concurrent.ThreadPoolTaskExecutor  : Initializing ExecutorService 'applicationTaskExecutor'
2022-06-20 22:37:35.295  WARN 21724 --- [main] aWebConfiguration$JpaWebMvcConfiguration : spring.jpa.open-in-view is enabled by default. Therefore, database queries may be performed during view rendering. Explicitly configure spring.jpa.open-in-view to disable this warning
2022-06-20 22:37:35.975  INFO 21724 --- [main] t.e.s.services.EmployeServiceImplTest    : Started EmployeServiceImplTest in 9.593 seconds (JVM running for 11.211)
2022-06-20 22:37:36.496  INFO 21724 --- [main] .b.t.c.SpringBootTestContextBootstrapper : Neither @ContextConfiguration nor @ContextHierarchy found for test class [tn.esprit.spring.services.EntrepriseServiceImplTest], using SpringBootContextLoader
2022-06-20 22:37:36.498  INFO 21724 --- [main] o.s.t.c.support.AbstractContextLoader    : Could not detect default resource locations for test class [tn.esprit.spring.services.EntrepriseServiceImplTest]: no resource found for suffixes {-context.xml, Context.groovy}.
2022-06-20 22:37:36.500  INFO 21724 --- [main] t.c.s.AnnotationConfigContextLoaderUtils : Could not detect default configuration classes for test class [tn.esprit.spring.services.EntrepriseServiceImplTest]: EntrepriseServiceImplTest does not declare any static, non-private, non-final, nested classes annotated with @Configuration.
2022-06-20 22:37:36.525  INFO 21724 --- [main] .b.t.c.SpringBootTestContextBootstrapper : Found @SpringBootConfiguration tn.esprit.spring.TimesheetSpringBootCoreDataJpaMvcRest1Application for test class tn.esprit.spring.services.EntrepriseServiceImplTest
2022-06-20 22:37:36.527  INFO 21724 --- [main] .b.t.c.SpringBootTestContextBootstrapper : Loaded default TestExecutionListener class names from location [META-INF/spring.factories]: [org.springframework.boot.test.mock.mockito.MockitoTestExecutionListener, org.springframework.boot.test.mock.mockito.ResetMocksTestExecutionListener, org.springframework.boot.test.autoconfigure.restdocs.RestDocsTestExecutionListener, org.springframework.boot.test.autoconfigure.web.client.MockRestServiceServerResetTestExecutionListener, org.springframework.boot.test.autoconfigure.web.servlet.MockMvcPrintOnlyOnFailureTestExecutionListener, org.springframework.boot.test.autoconfigure.web.servlet.WebDriverTestExecutionListener, org.springframework.test.context.web.ServletTestExecutionListener, org.springframework.test.context.support.DirtiesContextBeforeModesTestExecutionListener, org.springframework.test.context.support.DependencyInjectionTestExecutionListener, org.springframework.test.context.support.DirtiesContextTestExecutionListener, org.springframework.test.context.transaction.TransactionalTestExecutionListener, org.springframework.test.context.jdbc.SqlScriptsTestExecutionListener]
2022-06-20 22:37:36.528  INFO 21724 --- [main] .b.t.c.SpringBootTestContextBootstrapper : Using TestExecutionListeners: [org.springframework.test.context.web.ServletTestExecutionListener@1ef93e01, org.springframework.test.context.support.DirtiesContextBeforeModesTestExecutionListener@4fafd27e, org.springframework.boot.test.mock.mockito.MockitoTestExecutionListener@6cd66f6a, org.springframework.boot.test.autoconfigure.SpringBootDependencyInjectionTestExecutionListener@d512c1, org.springframework.test.context.support.DirtiesContextTestExecutionListener@578b2dec, org.springframework.test.context.transaction.TransactionalTestExecutionListener@66863941, org.springframework.test.context.jdbc.SqlScriptsTestExecutionListener@39f4a7c4, org.springframework.boot.test.mock.mockito.ResetMocksTestExecutionListener@111fe921, org.springframework.boot.test.autoconfigure.restdocs.RestDocsTestExecutionListener@1ff542a3, org.springframework.boot.test.autoconfigure.web.client.MockRestServiceServerResetTestExecutionListener@48ee3c2d, org.springframework.boot.test.autoconfigure.web.servlet.MockMvcPrintOnlyOnFailureTestExecutionListener@54387873, org.springframework.boot.test.autoconfigure.web.servlet.WebDriverTestExecutionListener@3a80c534]
2022-06-20 22:37:36.591  INFO 21724 --- [main] t.e.s.s.EntrepriseServiceImplTest        : Starting EntrepriseServiceImplTest on Naoures with PID 21724 (started by Asus in C:\Users\Asus\OneDrive\Desktop\Nouveau dossier\devops)
2022-06-20 22:37:36.592  INFO 21724 --- [main] t.e.s.s.EntrepriseServiceImplTest        : No active profile set, falling back to default profiles: default
2022-06-20 22:37:37.043  INFO 21724 --- [main] .s.d.r.c.RepositoryConfigurationDelegate : Bootstrapping Spring Data repositories in DEFAULT mode.
2022-06-20 22:37:37.126  INFO 21724 --- [main] .s.d.r.c.RepositoryConfigurationDelegate : Finished Spring Data repository scanning in 83ms. Found 6 repository interfaces.
2022-06-20 22:37:37.312  INFO 21724 --- [main] trationDelegate$BeanPostProcessorChecker : Bean 'org.springframework.transaction.annotation.ProxyTransactionManagementConfiguration' of type [org.springframework.transaction.annotation.ProxyTransactionManagementConfiguration$$EnhancerBySpringCGLIB$$9f03a6c4] is not eligible for getting processed by all BeanPostProcessors (for example: not eligible for auto-proxying)
2022-06-20 22:37:37.486  INFO 21724 --- [main] com.zaxxer.hikari.HikariDataSource       : HikariPool-2 - Starting...
2022-06-20 22:37:37.495  INFO 21724 --- [main] com.zaxxer.hikari.HikariDataSource       : HikariPool-2 - Start completed.
2022-06-20 22:37:37.551  INFO 21724 --- [main] o.hibernate.jpa.internal.util.LogHelper  : HHH000204: Processing PersistenceUnitInfo [
	name: default
	...]
2022-06-20 22:37:37.574  INFO 21724 --- [main] org.hibernate.dialect.Dialect            : HHH000400: Using dialect: org.hibernate.dialect.MySQL5Dialect
2022-06-20 22:37:37.960  INFO 21724 --- [main] j.LocalContainerEntityManagerFactoryBean : Initialized JPA EntityManagerFactory for persistence unit 'default'
2022-06-20 22:37:38.072  INFO 21724 --- [main] o.h.h.i.QueryTranslatorFactoryInitiator  : HHH000397: Using ASTQueryTranslatorFactory
2022-06-20 22:37:38.812  INFO 21724 --- [main] o.s.s.concurrent.ThreadPoolTaskExecutor  : Initializing ExecutorService 'applicationTaskExecutor'
2022-06-20 22:37:38.834  WARN 21724 --- [main] aWebConfiguration$JpaWebMvcConfiguration : spring.jpa.open-in-view is enabled by default. Therefore, database queries may be performed during view rendering. Explicitly configure spring.jpa.open-in-view to disable this warning
2022-06-20 22:37:39.335  INFO 21724 --- [main] t.e.s.s.EntrepriseServiceImplTest        : Started EntrepriseServiceImplTest in 2.805 seconds (JVM running for 14.571)
2022-06-20 22:37:39.427  INFO 21724 --- [main] .b.t.c.SpringBootTestContextBootstrapper : Neither @ContextConfiguration nor @ContextHierarchy found for test class [tn.esprit.spring.services.TimesheetServiceImplTest], using SpringBootContextLoader
2022-06-20 22:37:39.429  INFO 21724 --- [main] o.s.t.c.support.AbstractContextLoader    : Could not detect default resource locations for test class [tn.esprit.spring.services.TimesheetServiceImplTest]: no resource found for suffixes {-context.xml, Context.groovy}.
2022-06-20 22:37:39.429  INFO 21724 --- [main] t.c.s.AnnotationConfigContextLoaderUtils : Could not detect default configuration classes for test class [tn.esprit.spring.services.TimesheetServiceImplTest]: TimesheetServiceImplTest does not declare any static, non-private, non-final, nested classes annotated with @Configuration.
2022-06-20 22:37:39.433  INFO 21724 --- [main] .b.t.c.SpringBootTestContextBootstrapper : Found @SpringBootConfiguration tn.esprit.spring.TimesheetSpringBootCoreDataJpaMvcRest1Application for test class tn.esprit.spring.services.TimesheetServiceImplTest
2022-06-20 22:37:39.437  INFO 21724 --- [main] .b.t.c.SpringBootTestContextBootstrapper : Loaded default TestExecutionListener class names from location [META-INF/spring.factories]: [org.springframework.boot.test.mock.mockito.MockitoTestExecutionListener, org.springframework.boot.test.mock.mockito.ResetMocksTestExecutionListener, org.springframework.boot.test.autoconfigure.restdocs.RestDocsTestExecutionListener, org.springframework.boot.test.autoconfigure.web.client.MockRestServiceServerResetTestExecutionListener, org.springframework.boot.test.autoconfigure.web.servlet.MockMvcPrintOnlyOnFailureTestExecutionListener, org.springframework.boot.test.autoconfigure.web.servlet.WebDriverTestExecutionListener, org.springframework.test.context.web.ServletTestExecutionListener, org.springframework.test.context.support.DirtiesContextBeforeModesTestExecutionListener, org.springframework.test.context.support.DependencyInjectionTestExecutionListener, org.springframework.test.context.support.DirtiesContextTestExecutionListener, org.springframework.test.context.transaction.TransactionalTestExecutionListener, org.springframework.test.context.jdbc.SqlScriptsTestExecutionListener]
2022-06-20 22:37:39.438  INFO 21724 --- [main] .b.t.c.SpringBootTestContextBootstrapper : Using TestExecutionListeners: [org.springframework.test.context.web.ServletTestExecutionListener@2c2e5e72, org.springframework.test.context.support.DirtiesContextBeforeModesTestExecutionListener@3e489ac1, org.springframework.boot.test.mock.mockito.MockitoTestExecutionListener@26888c31, org.springframework.boot.test.autoconfigure.SpringBootDependencyInjectionTestExecutionListener@24010875, org.springframework.test.context.support.DirtiesContextTestExecutionListener@7a021f49, org.springframework.test.context.transaction.TransactionalTestExecutionListener@e60c5a, org.springframework.test.context.jdbc.SqlScriptsTestExecutionListener@626df173, org.springframework.boot.test.mock.mockito.ResetMocksTestExecutionListener@4e030feb, org.springframework.boot.test.autoconfigure.restdocs.RestDocsTestExecutionListener@2411b935, org.springframework.boot.test.autoconfigure.web.client.MockRestServiceServerResetTestExecutionListener@1425e531, org.springframework.boot.test.autoconfigure.web.servlet.MockMvcPrintOnlyOnFailureTestExecutionListener@194e78af, org.springframework.boot.test.autoconfigure.web.servlet.WebDriverTestExecutionListener@4fe4503a]
2022-06-20 22:37:40.500  INFO 21724 --- [Thread-2] o.s.s.concurrent.ThreadPoolTaskExecutor  : Shutting down ExecutorService 'applicationTaskExecutor'
2022-06-20 22:37:40.505  INFO 21724 --- [Thread-2] j.LocalContainerEntityManagerFactoryBean : Closing JPA EntityManagerFactory for persistence unit 'default'
2022-06-20 22:37:40.508  INFO 21724 --- [Thread-4] o.s.s.concurrent.ThreadPoolTaskExecutor  : Shutting down ExecutorService 'applicationTaskExecutor'
2022-06-20 22:37:40.510  INFO 21724 --- [Thread-4] j.LocalContainerEntityManagerFactoryBean : Closing JPA EntityManagerFactory for persistence unit 'default'
2022-06-20 22:37:40.512  INFO 21724 --- [Thread-2] com.zaxxer.hikari.HikariDataSource       : HikariPool-1 - Shutdown initiated...
2022-06-20 22:37:40.512  INFO 21724 --- [Thread-4] com.zaxxer.hikari.HikariDataSource       : HikariPool-2 - Shutdown initiated...
2022-06-20 22:37:40.531  INFO 21724 --- [Thread-2] com.zaxxer.hikari.HikariDataSource       : HikariPool-1 - Shutdown completed.
2022-06-20 22:37:40.532  INFO 21724 --- [Thread-4] com.zaxxer.hikari.HikariDataSource       : HikariPool-2 - Shutdown completed.
